===============================================
MyPinTool analysis results: 
Number of instructions: 6068017
Number of basic blocks: 1537249
Number of threads: 8
===============================================
              Procedure           Image            Address        Calls Instructions
         __strcmp_ssse3       libc.so.6       7f393bfff3d0            8          392
          _dl_vdso_vsym       libc.so.6       7f393bff4ea0            3           81
    __libc_dl_error_tsd       libc.so.6       7f393bff4e80            1            3
_dl_mcount_wrapper_check       libc.so.6       7f393bff46a0          128          512
               _dl_addr       libc.so.6       7f393bff4340            1        56045
    __libc_pthread_init       libc.so.6       7f393bfcace0            1          393
    __unregister_atfork       libc.so.6       7f393bfcab40            5           95
        __linkin_atfork       libc.so.6       7f393bfcaad0            1            8
      __register_atfork       libc.so.6       7f393bfca980            1           49
__libc_disable_asynccancel       libc.so.6       7f393bfca900            3           36
__libc_enable_asynccancel       libc.so.6       7f393bfca8a0            3           33
               wctype_l       libc.so.6       7f393bfc1d30            9          876
                  clone       libc.so.6       7f393bfbddd0            7          189
            __init_misc       libc.so.6       7f393bfbdca0            1           24
               mprotect       libc.so.6       7f393bfb9e30            7           35
                 munmap       libc.so.6       7f393bfb9e00            1            5
                   mmap       libc.so.6       7f393bfb9dd0            9           54
            getpagesize       libc.so.6       7f393bfb6c40            8           40
                 __sbrk       libc.so.6       7f393bfb6660            2           46
                    brk       libc.so.6       7f393bfb65e0            2           26
              getrlimit       libc.so.6       7f393bfb6180            1            5
       __close_nocancel       libc.so.6       7f393bfb1509            1            5
       __write_nocancel       libc.so.6       7f393bfb0f09            0           13
                __write       libc.so.6       7f393bfb0f00            1           15
        __read_nocancel       libc.so.6       7f393bfb0ea9            0           13
                 __read       libc.so.6       7f393bfb0ea0            1           15
        __open_nocancel       libc.so.6       7f393bfb0c99            0           13
                 __open       libc.so.6       7f393bfb0c90            1           15
               __fxstat       libc.so.6       7f393bfb07e0            2           20
      popcount_cpucount       libc.so.6       7f393bfb05e0            1          391
                  _exit       libc.so.6       7f393bf8ee60            1           10
                  wctob       libc.so.6       7f393bf73080          128         2432
                  btowc       libc.so.6       7f393bf72ef0          256         8192
           handle_intel       libc.so.6       7f393bf70ea0            2           98
       intel_check_word       libc.so.6       7f393bf70be0            4          850
          __strstr_sse2       libc.so.6       7f393bf6fbd0            1           25
              strchrnul       libc.so.6       7f393bf62960           41         1015
          __memcpy_sse2       libc.so.6       7f393bf61420           12          241
         __mempcpy_sse2       libc.so.6       7f393bf5c3b0           66         1281
                 memset       libc.so.6       7f393bf5c260           15          587
            __GI_memcmp       libc.so.6       7f393bf5bc30           41          857
           __GI_strrchr       libc.so.6       7f393bf5b150            1          106
                 strlen       libc.so.6       7f393bf59400           73         1316
     __default_morecore       libc.so.6       7f393bf560c0            2           16
       realloc_hook_ini       libc.so.6       7f393bf54860            1            8
        malloc_hook_ini       libc.so.6       7f393bf54820            1           11
   ptmalloc_init.part.8       libc.so.6       7f393bf543f0            1          622
          __libc_calloc       libc.so.6       7f393bf53e20            7          581
         __libc_realloc       libc.so.6       7f393bf539a0            2           48
                  cfree       libc.so.6       7f393bf53910           63          753
                 malloc       libc.so.6       7f393bf534d0           44         1893
            _int_malloc       libc.so.6       7f393bf510b0           50         6906
              _int_free       libc.so.6       7f393bf50540           39         3342
     malloc_consolidate       libc.so.6       7f393bf4fee0            5          495
      malloc_init_state       libc.so.6       7f393bf4eff0            1          648
     _IO_unsave_markers       libc.so.6       7f393bf4e450            1            5
            _IO_cleanup       libc.so.6       7f393bf4dee0            1          102
    _IO_flush_all_lockp       libc.so.6       7f393bf4dc60            1           88
     _IO_default_finish       libc.so.6       7f393bf4db10            1           14
            _IO_no_init       libc.so.6       7f393bf4da30            1           33
           _IO_old_init       libc.so.6       7f393bf4d980            1           25
     _IO_default_setbuf       libc.so.6       7f393bf4d860            1           29
              _IO_sgetn       libc.so.6       7f393bf4d7a0            7           21
     _IO_default_xsputn       libc.so.6       7f393bf4d6d0            1          105
         _IO_doallocbuf       libc.so.6       7f393bf4d640            2           26
               _IO_setb       libc.so.6       7f393bf4d5c0            4           91
            __underflow       libc.so.6       7f393bf4d430            1           22
 _IO_switch_to_get_mode       libc.so.6       7f393bf4d350            1           20
            _IO_link_in       libc.so.6       7f393bf4cee0            2          107
            _IO_un_link       libc.so.6       7f393bf4cc90            3          114
      _IO_file_overflow       libc.so.6       7f393bf4c9b0            1           48
     _IO_file_underflow       libc.so.6       7f393bf4c750            1           40
           _IO_do_write       libc.so.6       7f393bf4c720            2           19
         _IO_file_fopen       libc.so.6       7f393bf4c1f0            1           70
          _IO_file_open       libc.so.6       7f393bf4c140            1           32
        _IO_file_finish       libc.so.6       7f393bf4c0c0            1            8
      _IO_file_close_it       libc.so.6       7f393bf4bf40            1           48
          _IO_file_init       libc.so.6       7f393bf4bf10            1           13
        _IO_file_xsputn       libc.so.6       7f393bf4bd70           64         2892
          _IO_file_read       libc.so.6       7f393bf4bd50            1            4
        _IO_file_xsgetn       libc.so.6       7f393bf4ba20            7          259
         _IO_file_write       libc.so.6       7f393bf4b890            1           36
          _IO_file_stat       libc.so.6       7f393bf4b880            2            8
           new_do_write       libc.so.6       7f393bf4af50            1           40
        _IO_file_setbuf       libc.so.6       7f393bf4aec0            1           15
         _IO_file_close       libc.so.6       7f393bf4aeb0            1            2
          _IO_file_sync       libc.so.6       7f393bf4adf0            7          101
                  fread       libc.so.6       7f393bf418d0            7          385
                  fopen       libc.so.6       7f393bf41520            1            2
       __fopen_internal       libc.so.6       7f393bf41470            1           39
     __fopen_maybe_mmap       libc.so.6       7f393bf41430            1            4
             _IO_fflush       libc.so.6       7f393bf40f20            6          252
                 fclose       libc.so.6       7f393bf40a50            1           75
    _IO_file_doallocate       libc.so.6       7f393bf40930            2           88
                 printf       libc.so.6       7f393bf27ec0           15          339
            __printf_fp       libc.so.6       7f393bf23010            3         2643
       hack_digit.13631       libc.so.6       7f393bf22e50           25         1131
               vfprintf       libc.so.6       7f393bf1d970           15         6734
             _itoa_word       libc.so.6       7f393bf1d790           23          566
   __mpn_extract_double       libc.so.6       7f393bf1d0e0            3           63
            __mpn_mul_1       libc.so.6       7f393bf1c440           26          532
           __mpn_rshift       libc.so.6       7f393bf1bf30            5           85
           __mpn_lshift       libc.so.6       7f393bf1be20            3           45
           __mpn_divrem       libc.so.6       7f393bf1b9d0           18          912
              __mpn_cmp       libc.so.6       7f393bf1b930            3           33
__GI_____strtol_l_internal       libc.so.6       7f393bf104d0            1          102
                strtoll       libc.so.6       7f393bf10470            1            5
      __drand48_iterate       libc.so.6       7f393bf103f0            8          165
              erand48_r       libc.so.6       7f393bf101d0            8          264
                erand48       libc.so.6       7f393bf100c0            8           56
       __call_tls_dtors       libc.so.6       7f393bf0f5d0            1           12
         __cxa_finalize       libc.so.6       7f393bf0f350            5          381
           __cxa_atexit       libc.so.6       7f393bf0f2c0           10          220
           __new_exitfn       libc.so.6       7f393bf0f100           10          440
                   exit       libc.so.6       7f393bf0f090            1            4
    __run_exit_handlers       libc.so.6       7f393bf0ef80            1          210
                 getenv       libc.so.6       7f393bf0e620           12         6960
                _setjmp       libc.so.6       7f393bf0c310            8           16
          __sigjmp_save       libc.so.6       7f393bf0c2d0            8           72
            __sigsetjmp       libc.so.6       7f393bf0c270            8          144
                  isnan       libc.so.6       7f393bf0b890            3           21
                __isinf       libc.so.6       7f393bf0b850            3           39
           __ctype_init       libc.so.6       7f393bf05910            8          136
            __uselocale       libc.so.6       7f393bf04f50            2           44
            __newlocale       libc.so.6       7f393bf04670            1           40
    __gconv_btwoc_ascii       libc.so.6       7f393befbf40          128          640
     __get_cpu_features       libc.so.6       7f393bef90d0            1            5
      __libc_start_main       libc.so.6       7f393bef8af0            1           60
                  _init       libc.so.6       7f393bef8940            1          101
         init_cacheinfo       libc.so.6       7f393bef86d0            1          144
                   .plt       libc.so.6       7f393bef6480            0            4
                  _fini libpthread.so.0       7f393c2968d4            1            3
           elision_init libpthread.so.0       7f393c2962c0            1           14
     __get_cpu_features libpthread.so.0       7f393c2962a0            1            6
    __init_cpu_features libpthread.so.0       7f393c296050            1           70
 pthread_getaffinity_np libpthread.so.0       7f393c294cc0            1           20
       __libc_sigaction libpthread.so.0       7f393c294a00            2          132
_pthread_cleanup_pop_restore libpthread.so.0       7f393c293480           17          136
_pthread_cleanup_push_defer libpthread.so.0       7f393c293420           17          238
           pthread_once libpthread.so.0       7f393c292420           32          176
    pthread_setspecific libpthread.so.0       7f393c291f70            2           68
     pthread_key_delete libpthread.so.0       7f393c291eb0            1           14
   __pthread_key_create libpthread.so.0       7f393c291e50            1           19
 __pthread_mutex_unlock libpthread.so.0       7f393c290610            2            4
__pthread_mutex_unlock_usercnt libpthread.so.0       7f393c290530            2           64
   __pthread_mutex_lock libpthread.so.0       7f393c28f290            2           68
pthread_attr_setdetachstate libpthread.so.0       7f393c28eba0            1            5
      pthread_attr_init libpthread.so.0       7f393c28ead0            1           31
           pthread_self libpthread.so.0       7f393c28e790            1            2
         pthread_create libpthread.so.0       7f393c28d310            7         1526
           start_thread libpthread.so.0       7f393c28d010            7          266
   do_clone.constprop.3 libpthread.so.0       7f393c28c280            7          224
__pthread_initialize_minimal libpthread.so.0       7f393c28bb30            1          161
            frame_dummy libpthread.so.0       7f393c28b990            1            3
  __do_global_dtors_aux libpthread.so.0       7f393c28b950            1           12
     register_tm_clones libpthread.so.0       7f393c28b910            1           13
   deregister_tm_clones libpthread.so.0       7f393c28b8e0            1            9
                   .plt libpthread.so.0       7f393c28a540           13          108
                  _init libpthread.so.0       7f393c28a530            1            4
                  .fini   libgcc_s.so.1       7f393c4b5668            1            3
   __cpu_indicator_init   libgcc_s.so.1       7f393c4a6150            1           81
                  .text   libgcc_s.so.1       7f393c4a5fd0            0           93
                   .plt   libgcc_s.so.1       7f393c4a5d00            1            5
                  _init   libgcc_s.so.1       7f393c4a5cd8            1            6
                  .fini    libgomp.so.1       7f393c6c5350            1            3
     omp_get_thread_num    libgomp.so.1       7f393c6c2010           18           72
    omp_get_num_threads    libgomp.so.1       7f393c6c1fe0            7           49
      GOMP_parallel_end    libgomp.so.1       7f393c6c1f90           16           48
    GOMP_parallel_start    libgomp.so.1       7f393c6c1f60           16          304
   GOMP_loop_end_nowait    libgomp.so.1       7f393c6c0da0            8            8
 GOMP_loop_dynamic_next    libgomp.so.1       7f393c6c0a10            8            8
GOMP_loop_dynamic_start    libgomp.so.1       7f393c6c01c0            8          576
    omp_get_max_threads    libgomp.so.1       7f393c6bf440            2           18
    omp_set_num_threads    libgomp.so.1       7f393c6bf210            2           28
                  .text    libgomp.so.1       7f393c6be030            0          427
                   .plt    libgomp.so.1       7f393c6bdd90           14          143
                  _init    libgomp.so.1       7f393c6bdd68            1            6
                  _fini       libm.so.6       7f393c93bc38            1            3
           __ceil_sse41       libm.so.6       7f393c8e3440            2            4
            frame_dummy       libm.so.6       7f393c8cec30            1            3
  __do_global_dtors_aux       libm.so.6       7f393c8cebf0            1           12
     register_tm_clones       libm.so.6       7f393c8cebb0            1           13
   deregister_tm_clones       libm.so.6       7f393c8ceb80            1            9
                   .plt       libm.so.6       7f393c8ce680            1            6
                  _init       libm.so.6       7f393c8ce660            1            6
                  .fini  libstdc++.so.6       7f393ccb4c1c            1            3
_ZNSt14error_categoryC2Ev  libstdc++.so.6       7f393cca7c80            3           12
_ZNSt14error_categoryD1Ev  libstdc++.so.6       7f393cca7af0            3           12
_ZNKSt8__detail20_Prime_rehash_policy11_M_next_bktEm  libstdc++.so.6       7f393cca72f0            2           50
 _ZSt15future_categoryv  libstdc++.so.6       7f393cca70f0            1           21
_ZSt9has_facetISt7num_getIwSt19istreambuf_iteratorIwSt11char_traitsIwEEEEbRKSt6locale  libstdc++.so.6       7f393cc98e10            4           84
_ZSt9has_facetISt7num_putIwSt19ostreambuf_iteratorIwSt11char_traitsIwEEEEbRKSt6locale  libstdc++.so.6       7f393cc98dc0            4           84
_ZSt9has_facetISt5ctypeIwEEbRKSt6locale  libstdc++.so.6       7f393cc98c80            4           84
_ZSt9use_facetISt7num_getIwSt19istreambuf_iteratorIwSt11char_traitsIwEEEERKT_RKSt6locale  libstdc++.so.6       7f393cc97b80            4           76
_ZSt9use_facetISt7num_putIwSt19ostreambuf_iteratorIwSt11char_traitsIwEEEERKT_RKSt6locale  libstdc++.so.6       7f393cc97b30            4           76
_ZSt9use_facetISt5ctypeIwEERKT_RKSt6locale  libstdc++.so.6       7f393cc96f20            4           76
  _ZNSt8messagesIwEC1Em  libstdc++.so.6       7f393cc96a90            1           19
_ZNSt11__timepunctIwEC2EPSt17__timepunct_cacheIwEm  libstdc++.so.6       7f393cc962c0            1           22
_ZNSt13basic_ostreamIwSt11char_traitsIwEE5flushEv  libstdc++.so.6       7f393cc8cb70            3           42
          _ZNSo5flushEv  libstdc++.so.6       7f393cc8a930            3           42
_ZN9__gnu_cxx18stdio_sync_filebufIwSt11char_traitsIwEE4syncEv  libstdc++.so.6       7f393cc8a020            3            6
_ZN9__gnu_cxx18stdio_sync_filebufIcSt11char_traitsIcEE4syncEv  libstdc++.so.6       7f393cc8a010            3            6
_ZSt9has_facetISt7num_getIcSt19istreambuf_iteratorIcSt11char_traitsIcEEEEbRKSt6locale  libstdc++.so.6       7f393cc7e310            4           84
_ZSt9has_facetISt7num_putIcSt19ostreambuf_iteratorIcSt11char_traitsIcEEEEbRKSt6locale  libstdc++.so.6       7f393cc7e2c0            4           84
_ZSt9has_facetISt5ctypeIcEEbRKSt6locale  libstdc++.so.6       7f393cc7e180            4           84
_ZSt9use_facetISt7num_getIcSt19istreambuf_iteratorIcSt11char_traitsIcEEEERKT_RKSt6locale  libstdc++.so.6       7f393cc7d570            4           76
_ZSt9use_facetISt7num_putIcSt19ostreambuf_iteratorIcSt11char_traitsIcEEEERKT_RKSt6locale  libstdc++.so.6       7f393cc7d520            4           76
_ZSt9use_facetISt5ctypeIcEERKT_RKSt6locale  libstdc++.so.6       7f393cc7c700            4           76
  _ZNSt8messagesIcEC1Em  libstdc++.so.6       7f393cc7c270            1           19
_ZNSt11__timepunctIcEC2EPSt17__timepunct_cacheIcEm  libstdc++.so.6       7f393cc7baa0            1           22
_ZNSt9basic_iosIwSt11char_traitsIwEE4initEPSt15basic_streambufIwS1_E  libstdc++.so.6       7f393cc73e40            4           88
_ZNSt9basic_iosIwSt11char_traitsIwEE15_M_cache_localeERKSt6locale  libstdc++.so.6       7f393cc73d00            4          120
_ZNSt9basic_iosIcSt11char_traitsIcEE4initEPSt15basic_streambufIcS1_E  libstdc++.so.6       7f393cc736e0            4           88
_ZNSt9basic_iosIcSt11char_traitsIcEE15_M_cache_localeERKSt6locale  libstdc++.so.6       7f393cc735a0            4          120
_ZNSt6locale5facet18_S_create_c_localeERP15__locale_structPKcS2_  libstdc++.so.6       7f393cc72df0            1            9
_ZNSt11__timepunctIwE23_M_initialize_timepunctEP15__locale_struct  libstdc++.so.6       7f393cc71d50            1          105
_ZNSt11__timepunctIcE23_M_initialize_timepunctEP15__locale_struct  libstdc++.so.6       7f393cc713c0            1          107
_ZNSt8numpunctIwE22_M_initialize_numpunctEP15__locale_struct  libstdc++.so.6       7f393cc71160            1          349
_ZNSt8numpunctIcE22_M_initialize_numpunctEP15__locale_struct  libstdc++.so.6       7f393cc70f30            1          413
_ZNSt10moneypunctIwLb0EE24_M_initialize_moneypunctEP15__locale_structPKc  libstdc++.so.6       7f393cc70840            1          101
_ZNSt10moneypunctIwLb1EE24_M_initialize_moneypunctEP15__locale_structPKc  libstdc++.so.6       7f393cc70270            1          101
_ZNSt10moneypunctIcLb0EE24_M_initialize_moneypunctEP15__locale_structPKc  libstdc++.so.6       7f393cc6fd30            1          112
_ZNSt10moneypunctIcLb1EE24_M_initialize_moneypunctEP15__locale_structPKc  libstdc++.so.6       7f393cc6f7f0            1          112
_ZNSt5ctypeIwE19_M_initialize_ctypeEv  libstdc++.so.6       7f393cc6f110            1         2757
_ZNKSt5ctypeIwE19_M_convert_to_wmaskEt  libstdc++.so.6       7f393cc6eb60           12          129
 _ZNSt5ctypeIcEC2EPKtbm  libstdc++.so.6       7f393cc6e8a0            1          159
       _ZNSt6localeC1Ev  libstdc++.so.6       7f393cc67d70           22          418
 _ZNSt6locale5_ImplC1Em  libstdc++.so.6       7f393cc66ba0            1          819
_ZNSt6locale5_Impl16_M_install_facetEPKNS_2idEPKNS_5facetE  libstdc++.so.6       7f393cc667f0           28         7420
_ZNKSt6locale2id5_M_idEv  libstdc++.so.6       7f393cc667b0           84          644
       _ZNSt6localeD1Ev  libstdc++.so.6       7f393cc66410            8           80
    _ZNSt6localeaSERKS_  libstdc++.so.6       7f393cc66390            8          120
_ZNSt6locale5facet13_S_get_c_nameEv  libstdc++.so.6       7f393cc661e0            5           10
_ZNSt6locale5facet15_S_get_c_localeEv  libstdc++.so.6       7f393cc661a0           10          100
_ZNSt8__detail15_List_node_base7_M_hookEPS0_  libstdc++.so.6       7f393cc65900            3           21
_ZNSt8ios_base7_M_initEv  libstdc++.so.6       7f393cc65780            8          144
_ZNSt8ios_base4InitD1Ev  libstdc++.so.6       7f393cc65480            4           50
_ZNSt8ios_base4InitC2Ev  libstdc++.so.6       7f393cc64bb0            4          333
     _ZNSt8ios_baseC2Ev  libstdc++.so.6       7f393cc646b0            8          472
     _ZNSt5ctypeIwEC2Em  libstdc++.so.6       7f393cc642c0            1           19
_ZNSt7codecvtIwc11__mbstate_tEC2Em  libstdc++.so.6       7f393cc61680            1           17
_ZNSt7codecvtIcc11__mbstate_tEC1Em  libstdc++.so.6       7f393cc615e0            1           17
_ZNK10__cxxabiv121__vmi_class_type_info12__do_dyncastElNS_17__class_type_info10__sub_kindEPKS1_PKvS4_S6_RNS1_16__dyncast_resultE  libstdc++.so.6       7f393cc56ce0            8          464
_ZNK10__cxxabiv120__si_class_type_info12__do_dyncastElNS_17__class_type_info10__sub_kindEPKS1_PKvS4_S6_RNS1_16__dyncast_resultE  libstdc++.so.6       7f393cc56330           40         1400
                  _Znam  libstdc++.so.6       7f393cc55fb0           16           64
                  _Znwm  libstdc++.so.6       7f393cc55ea0           23          345
    __cxa_guard_release  libstdc++.so.6       7f393cc55cd0            1            7
    __cxa_guard_acquire  libstdc++.so.6       7f393cc55b80            1           30
         __dynamic_cast  libstdc++.so.6       7f393cc54220           48         1968
                 _ZdaPv  libstdc++.so.6       7f393cc54200           16           16
                 _ZdlPv  libstdc++.so.6       7f393cc541d0           23           69
                  .text  libstdc++.so.6       7f393cc52610            1          294
                   .plt  libstdc++.so.6       7f393cc4fce0           68         1137
                  _init  libstdc++.so.6       7f393cc4fcc0            1            6
                 memcpy ld-linux-x86-64.so.2       7f3950347520           37         1149
              __mempcpy ld-linux-x86-64.so.2       7f39503472f0           32          632
                 memset ld-linux-x86-64.so.2       7f39503472e0           45        10977
                 memcmp ld-linux-x86-64.so.2       7f3950346c50           24         2013
                 strlen ld-linux-x86-64.so.2       7f39503465f0           28         1467
                 strcmp ld-linux-x86-64.so.2       7f39503465c0        22601       161315
                 strchr ld-linux-x86-64.so.2       7f3950346540           23          764
       __GI___sigsetjmp ld-linux-x86-64.so.2       7f3950346260           17          323
             __mprotect ld-linux-x86-64.so.2       7f3950346190           14           70
                 munmap ld-linux-x86-64.so.2       7f3950346170            1            5
                 __mmap ld-linux-x86-64.so.2       7f3950346140           22          132
                  close ld-linux-x86-64.so.2       7f3950346120            7           35
                 access ld-linux-x86-64.so.2       7f3950346070            1            9
                   read ld-linux-x86-64.so.2       7f3950346030            6           30
                 __open ld-linux-x86-64.so.2       7f3950346010            7           35
               __fxstat ld-linux-x86-64.so.2       7f3950345f90            7           70
                 __sbrk ld-linux-x86-64.so.2       7f3950344d50            1           17
                  __brk ld-linux-x86-64.so.2       7f3950344cf0            1           12
                   free ld-linux-x86-64.so.2       7f39503447c0            2           12
                 calloc ld-linux-x86-64.so.2       7f3950344780           22          176
                 malloc ld-linux-x86-64.so.2       7f3950344770           45          135
        __libc_memalign ld-linux-x86-64.so.2       7f3950344660           46         1475
  _dl_next_ld_env_entry ld-linux-x86-64.so.2       7f39503445a0            1          571
 _dl_discover_osversion ld-linux-x86-64.so.2       7f39503443c0            1           53
_dl_sysdep_start_cleanup ld-linux-x86-64.so.2       7f3950344200            1            1
       _dl_sysdep_start ld-linux-x86-64.so.2       7f3950343f40            1          557
       _dl_unload_cache ld-linux-x86-64.so.2       7f3950343f00            1           10
  _dl_load_cache_lookup ld-linux-x86-64.so.2       7f39503439b0            6         1649
       _dl_cache_libcmp ld-linux-x86-64.so.2       7f39503438d0           65         4685
    _dl_runtime_resolve ld-linux-x86-64.so.2       7f3950343160          126         2646
_dl_find_dso_for_object ld-linux-x86-64.so.2       7f3950341710            1           69
    _dl_add_to_slotinfo ld-linux-x86-64.so.2       7f3950340a20            3           60
         __tls_get_addr ld-linux-x86-64.so.2       7f3950340970            1           11
       _dl_allocate_tls ld-linux-x86-64.so.2       7f3950340550            7           49
  _dl_allocate_tls_init ld-linux-x86-64.so.2       7f3950340330            8         1312
_dl_allocate_tls_storage ld-linux-x86-64.so.2       7f39503401f0            1          324
_dl_get_tls_static_info ld-linux-x86-64.so.2       7f39503401d0            1            5
_dl_determine_tlsoffset ld-linux-x86-64.so.2       7f395033ff60            1          144
     _dl_next_tls_modid ld-linux-x86-64.so.2       7f395033fe80            3           24
           allocate_dtv ld-linux-x86-64.so.2       7f395033fe30            8          152
 _dl_check_all_versions ld-linux-x86-64.so.2       7f395033f1a0            1          145
 _dl_check_map_versions ld-linux-x86-64.so.2       7f395033ed20            9         6116
           match_symbol ld-linux-x86-64.so.2       7f395033e960           39         3917
_dl_higher_prime_number ld-linux-x86-64.so.2       7f395033e8f0            2          144
       _dl_name_match_p ld-linux-x86-64.so.2       7f395033e880          700        18982
_dl_sysdep_read_whole_file ld-linux-x86-64.so.2       7f395033e6e0            1           41
   _dl_debug_initialize ld-linux-x86-64.so.2       7f395033e0b0            8           73
        _dl_debug_state ld-linux-x86-64.so.2       7f395033e0a0            2            2
               _dl_fini ld-linux-x86-64.so.2       7f395033dc80            1          513
          _dl_sort_fini ld-linux-x86-64.so.2       7f395033d9f0            1         1028
               _dl_init ld-linux-x86-64.so.2       7f395033d8d0            1          135
       call_init.part.0 ld-linux-x86-64.so.2       7f395033d7c0            8          459
      _dl_receive_error ld-linux-x86-64.so.2       7f395033d760            1           28
        _dl_catch_error ld-linux-x86-64.so.2       7f395033d680           17          612
              _dl_fixup ld-linux-x86-64.so.2       7f395033cb70          126        10692
   _dl_important_hwcaps ld-linux-x86-64.so.2       7f395033c430            1          324
    _dl_map_object_deps ld-linux-x86-64.so.2       7f395033b2a0            1         3687
                openaux ld-linux-x86-64.so.2       7f395033b260           17          289
    _dl_relocate_object ld-linux-x86-64.so.2       7f3950339d10            8       219708
      _dl_protect_relro ld-linux-x86-64.so.2       7f3950339bd0            8          152
         _dl_new_object ld-linux-x86-64.so.2       7f39503396f0            8         1385
_dl_add_to_namespace_list ld-linux-x86-64.so.2       7f3950339660            8          362
         _dl_setup_hash ld-linux-x86-64.so.2       7f39503395b0            9          214
    _dl_lookup_symbol_x ld-linux-x86-64.so.2       7f3950338540         1384       538887
            do_lookup_x ld-linux-x86-64.so.2       7f3950337bd0         1384       330408
       check_match.9447 ld-linux-x86-64.so.2       7f3950337a50         1372        69198
         _dl_map_object ld-linux-x86-64.so.2       7f3950336e70           17         3892
         _dl_init_paths ld-linux-x86-64.so.2       7f39503369f0            1          118
 _dl_map_object_from_fd ld-linux-x86-64.so.2       7f3950335050            6         5578
            open_verify ld-linux-x86-64.so.2       7f3950334530            6         1178
           local_strdup ld-linux-x86-64.so.2       7f3950334020            6          102
              _dl_start ld-linux-x86-64.so.2       7f3950333740            1          812
     version_check_doit ld-linux-x86-64.so.2       7f3950333700            1           10
                dl_main ld-linux-x86-64.so.2       7f3950330680            1         1453
rtld_lock_default_unlock_recursive ld-linux-x86-64.so.2       7f3950330200           59          118
rtld_lock_default_lock_recursive ld-linux-x86-64.so.2       7f39503301f0           59          118
_dl_initial_error_catch_tsd ld-linux-x86-64.so.2       7f39503301e0           19           38
               init_tls ld-linux-x86-64.so.2       7f395032fe3e            1          108
                   .plt ld-linux-x86-64.so.2       7f395032fa70            0          120
                  _fini            sssp             40c034            1            3
        __libc_csu_init            sssp             40bfc0            1           69
_ZNSt6vectorISt4listIP20gm_complex_data_typeSaIS2_EESaIS4_EE17_M_default_appendEm            sssp             40b4b0            1          129
_ZNSt6vectorISt4listIPvSaIS1_EESaIS3_EE17_M_default_appendEm            sssp             40b2e0            1          129
_ZN13gm_mem_helper6resizeEi            sssp             40b1b0            1           46
     _Z13gm_rt_cleanupv            sssp             40b1a0            1            2
_Z19gm_rt_allocate_boolmi            sssp             40af80            2           50
_Z18gm_rt_allocate_intmi            sssp             40ae80            1           29
_ZN13gm_mem_helper7cleanupEv            sssp             40ad20            1          200
 _ZN13gm_mem_helperD2Ev            sssp             409050            1          142
   _Z15gm_rt_thread_idv            sssp             408f90            3            3
_Z21gm_rt_set_num_threadsi            sssp             408f20            1           16
  _Z16gm_rt_initializev            sssp             408e50            1           12
_ZN10gm_runtime10initializeEv            sssp             408c40            1           36
_ZN10gm_runtime19expand_random_seedsEii            sssp             408980            1          139
_ZN10gm_runtime15set_num_threadsEi._omp_fn.0            sssp             408930            8           72
    _ZN10gm_runtimeD2Ev            sssp             4088e0            1            5
_ZN8gm_graph11load_binaryEPc            sssp             406ef0            1          225
_ZN8gm_graph20load_binary_internalEP8_IO_FILEjb._omp_fn.0            sssp             406a30            1           57
_ZN8gm_graph20load_binary_internalEP8_IO_FILEjb._omp_fn.1            sssp             406980            1           43
_ZN8gm_graph18make_reverse_edgesEv            sssp             405960            2          167
  _ZN8gm_graph6freezeEv            sssp             405940            1            3
_ZN8gm_graph12do_semi_sortEv            sssp             405610            1           48
_ZL14semi_sort_mainiiPiS_S_S_._omp_fn.6            sssp             404e20            2          212
_ZN8gm_graph11clear_graphEv            sssp             4043f0            2           50
_ZN8gm_graph32allocate_memory_for_frozen_graphEii            sssp             4040a0            1           31
       _ZN8gm_graphD1Ev            sssp             403fb0            1           37
_ZN8gm_graph19delete_frozen_graphEv            sssp             403ec0            3          138
       _ZN8gm_graphC2Ev            sssp             403b40            1           74
_ZN8gm_graph18make_reverse_edgesEv._omp_fn.0            sssp             403ae0            1           29
_ZN8gm_graph18make_reverse_edgesEv._omp_fn.1            sssp             4039a0            1           40
_ZN8gm_graph18make_reverse_edgesEv._omp_fn.2            sssp             4038c0            1           42
_ZN8gm_graph18make_reverse_edgesEv._omp_fn.3            sssp             403810            1           38
_ZN8gm_graph12do_semi_sortEv._omp_fn.7            sssp             403780            1           35
_Z22gm_spinlock_table_initv            sssp             4034e0            1       408963
  _ZN7my_main7prepareEv            sssp             403330            1           42
      _ZN7my_main3runEv            sssp             403300            1            9
        _ZN7my_mainD1Ev            sssp             4032c0            1           15
_ZN7my_main12post_processEv            sssp             403280            1          101
_ZN6main_t10check_argsEiPPc            sssp             403230            1            2
   _ZN6main_t7cleanupEv            sssp             403220            1            2
_ZN7my_main7prepareEv._omp_fn.0            sssp             403160            1           37
_Z4ssspR8gm_graphPiS1_Ri            sssp             402f50            1          153
_Z4ssspR8gm_graphPiS1_Ri._omp_fn.1            sssp             402db0            2          132
_Z4ssspR8gm_graphPiS1_Ri._omp_fn.0            sssp             402d00            1           54
_Z4ssspR8gm_graphPiS1_Ri._omp_fn.2            sssp             402c50            2          117
            frame_dummy            sssp             402c20            1            3
  __do_global_dtors_aux            sssp             402c00            1            8
     register_tm_clones            sssp             402bc0            1           12
   deregister_tm_clones            sssp             402b90            1            8
                 _start            sssp             402b58            1           11
_GLOBAL__sub_I__ZN9GM_ReaderC2EPKcb            sssp             402b30            1            8
_GLOBAL__sub_I__ZN12GM_Tokenizer5resetEv            sssp             402b00            1            8
 _GLOBAL__sub_I__GM_MEM            sssp             402a40            1           25
_GLOBAL__sub_I__ZN8gm_graph11load_binaryEPc            sssp             402a10            1            8
_GLOBAL__sub_I__ZN8gm_graphC2Ev            sssp             4029e0            1            8
                   main            sssp             402970            1           21
   _ZN6main_t4mainEiPPc            sssp             402710            1          116
                   .plt            sssp             4021d0           28          311
                  _init            sssp             4021b0            1            6
