===============================================
MyPinTool analysis results: 
Number of instructions: 7292947
Number of basic blocks: 1910554
Number of threads: 8
===============================================
              Procedure           Image            Address        Calls Instructions
         __strcmp_ssse3       libc.so.6       7f7ddcafa3d0            8          392
          _dl_vdso_vsym       libc.so.6       7f7ddcaefea0            3           81
    __libc_dl_error_tsd       libc.so.6       7f7ddcaefe80            1            3
_dl_mcount_wrapper_check       libc.so.6       7f7ddcaef6a0          128          512
               _dl_addr       libc.so.6       7f7ddcaef340            1        56045
    __libc_pthread_init       libc.so.6       7f7ddcac5ce0            1          393
    __unregister_atfork       libc.so.6       7f7ddcac5b40            5           95
        __linkin_atfork       libc.so.6       7f7ddcac5ad0            1            8
      __register_atfork       libc.so.6       7f7ddcac5980            1           49
__libc_disable_asynccancel       libc.so.6       7f7ddcac5900            3           36
__libc_enable_asynccancel       libc.so.6       7f7ddcac58a0            3           33
               wctype_l       libc.so.6       7f7ddcabcd30            9          876
                  clone       libc.so.6       7f7ddcab8dd0            7          189
            __init_misc       libc.so.6       7f7ddcab8ca0            1           24
               mprotect       libc.so.6       7f7ddcab4e30            7           35
                 munmap       libc.so.6       7f7ddcab4e00            1            5
                   mmap       libc.so.6       7f7ddcab4dd0            9           54
            getpagesize       libc.so.6       7f7ddcab1c40            8           40
                 __sbrk       libc.so.6       7f7ddcab1660            2           46
                    brk       libc.so.6       7f7ddcab15e0            2           26
              getrlimit       libc.so.6       7f7ddcab1180            1            5
       __close_nocancel       libc.so.6       7f7ddcaac509            1            5
       __write_nocancel       libc.so.6       7f7ddcaabf09            0           13
                __write       libc.so.6       7f7ddcaabf00            1           15
        __read_nocancel       libc.so.6       7f7ddcaabea9            0           13
                 __read       libc.so.6       7f7ddcaabea0            1           15
        __open_nocancel       libc.so.6       7f7ddcaabc99            0           13
                 __open       libc.so.6       7f7ddcaabc90            1           15
               __fxstat       libc.so.6       7f7ddcaab7e0            2           20
      popcount_cpucount       libc.so.6       7f7ddcaab5e0            1          391
                  _exit       libc.so.6       7f7ddca89e60            1           10
                  wctob       libc.so.6       7f7ddca6e080          128         2432
                  btowc       libc.so.6       7f7ddca6def0          256         8192
           handle_intel       libc.so.6       7f7ddca6bea0            2           98
       intel_check_word       libc.so.6       7f7ddca6bbe0            4          850
          __strstr_sse2       libc.so.6       7f7ddca6abd0            1           25
              strchrnul       libc.so.6       7f7ddca5d960           41         1015
          __memcpy_sse2       libc.so.6       7f7ddca5c420           12          241
         __mempcpy_sse2       libc.so.6       7f7ddca573b0           66         1281
                 memset       libc.so.6       7f7ddca57260           15          587
            __GI_memcmp       libc.so.6       7f7ddca56c30           41          857
           __GI_strrchr       libc.so.6       7f7ddca56150            1          106
                 strlen       libc.so.6       7f7ddca54400           73         1316
     __default_morecore       libc.so.6       7f7ddca510c0            2           16
       realloc_hook_ini       libc.so.6       7f7ddca4f860            1            8
        malloc_hook_ini       libc.so.6       7f7ddca4f820            1           11
   ptmalloc_init.part.8       libc.so.6       7f7ddca4f3f0            1          622
          __libc_calloc       libc.so.6       7f7ddca4ee20            7          581
         __libc_realloc       libc.so.6       7f7ddca4e9a0            2           48
                  cfree       libc.so.6       7f7ddca4e910           63          753
                 malloc       libc.so.6       7f7ddca4e4d0           44         1893
            _int_malloc       libc.so.6       7f7ddca4c0b0           50         6906
              _int_free       libc.so.6       7f7ddca4b540           39         3342
     malloc_consolidate       libc.so.6       7f7ddca4aee0            5          495
      malloc_init_state       libc.so.6       7f7ddca49ff0            1          648
     _IO_unsave_markers       libc.so.6       7f7ddca49450            1            5
            _IO_cleanup       libc.so.6       7f7ddca48ee0            1          102
    _IO_flush_all_lockp       libc.so.6       7f7ddca48c60            1           88
     _IO_default_finish       libc.so.6       7f7ddca48b10            1           14
            _IO_no_init       libc.so.6       7f7ddca48a30            1           33
           _IO_old_init       libc.so.6       7f7ddca48980            1           25
     _IO_default_setbuf       libc.so.6       7f7ddca48860            1           29
              _IO_sgetn       libc.so.6       7f7ddca487a0            7           21
     _IO_default_xsputn       libc.so.6       7f7ddca486d0            1          105
         _IO_doallocbuf       libc.so.6       7f7ddca48640            2           26
               _IO_setb       libc.so.6       7f7ddca485c0            4           91
            __underflow       libc.so.6       7f7ddca48430            1           22
 _IO_switch_to_get_mode       libc.so.6       7f7ddca48350            1           20
            _IO_link_in       libc.so.6       7f7ddca47ee0            2          107
            _IO_un_link       libc.so.6       7f7ddca47c90            3          114
      _IO_file_overflow       libc.so.6       7f7ddca479b0            1           48
     _IO_file_underflow       libc.so.6       7f7ddca47750            1           40
           _IO_do_write       libc.so.6       7f7ddca47720            2           19
         _IO_file_fopen       libc.so.6       7f7ddca471f0            1           70
          _IO_file_open       libc.so.6       7f7ddca47140            1           32
        _IO_file_finish       libc.so.6       7f7ddca470c0            1            8
      _IO_file_close_it       libc.so.6       7f7ddca46f40            1           48
          _IO_file_init       libc.so.6       7f7ddca46f10            1           13
        _IO_file_xsputn       libc.so.6       7f7ddca46d70           64         2892
          _IO_file_read       libc.so.6       7f7ddca46d50            1            4
        _IO_file_xsgetn       libc.so.6       7f7ddca46a20            7          259
         _IO_file_write       libc.so.6       7f7ddca46890            1           36
          _IO_file_stat       libc.so.6       7f7ddca46880            2            8
           new_do_write       libc.so.6       7f7ddca45f50            1           40
        _IO_file_setbuf       libc.so.6       7f7ddca45ec0            1           15
         _IO_file_close       libc.so.6       7f7ddca45eb0            1            2
          _IO_file_sync       libc.so.6       7f7ddca45df0            7          101
                  fread       libc.so.6       7f7ddca3c8d0            7          385
                  fopen       libc.so.6       7f7ddca3c520            1            2
       __fopen_internal       libc.so.6       7f7ddca3c470            1           39
     __fopen_maybe_mmap       libc.so.6       7f7ddca3c430            1            4
             _IO_fflush       libc.so.6       7f7ddca3bf20            6          252
                 fclose       libc.so.6       7f7ddca3ba50            1           75
    _IO_file_doallocate       libc.so.6       7f7ddca3b930            2           88
                 printf       libc.so.6       7f7ddca22ec0           15          339
            __printf_fp       libc.so.6       7f7ddca1e010            3         2588
       hack_digit.13631       libc.so.6       7f7ddca1de50           25         1101
               vfprintf       libc.so.6       7f7ddca18970           15         6734
             _itoa_word       libc.so.6       7f7ddca18790           23          566
   __mpn_extract_double       libc.so.6       7f7ddca180e0            3           63
            __mpn_mul_1       libc.so.6       7f7ddca17440           26          532
           __mpn_rshift       libc.so.6       7f7ddca16f30            5           85
           __mpn_lshift       libc.so.6       7f7ddca16e20            3           45
           __mpn_divrem       libc.so.6       7f7ddca169d0           18          870
              __mpn_cmp       libc.so.6       7f7ddca16930            3           33
__GI_____strtol_l_internal       libc.so.6       7f7ddca0b4d0            1          102
                strtoll       libc.so.6       7f7ddca0b470            1            5
      __drand48_iterate       libc.so.6       7f7ddca0b3f0            8          165
              erand48_r       libc.so.6       7f7ddca0b1d0            8          264
                erand48       libc.so.6       7f7ddca0b0c0            8           56
       __call_tls_dtors       libc.so.6       7f7ddca0a5d0            1           12
         __cxa_finalize       libc.so.6       7f7ddca0a350            5          381
           __cxa_atexit       libc.so.6       7f7ddca0a2c0           10          220
           __new_exitfn       libc.so.6       7f7ddca0a100           10          440
                   exit       libc.so.6       7f7ddca0a090            1            4
    __run_exit_handlers       libc.so.6       7f7ddca09f80            1          210
                 getenv       libc.so.6       7f7ddca09620           12         6960
                _setjmp       libc.so.6       7f7ddca07310            8           16
          __sigjmp_save       libc.so.6       7f7ddca072d0            8           72
            __sigsetjmp       libc.so.6       7f7ddca07270            8          144
                  isnan       libc.so.6       7f7ddca06890            3           21
                __isinf       libc.so.6       7f7ddca06850            3           39
           __ctype_init       libc.so.6       7f7ddca00910            8          136
            __uselocale       libc.so.6       7f7ddc9fff50            2           44
            __newlocale       libc.so.6       7f7ddc9ff670            1           40
    __gconv_btwoc_ascii       libc.so.6       7f7ddc9f6f40          128          640
     __get_cpu_features       libc.so.6       7f7ddc9f40d0            1            5
      __libc_start_main       libc.so.6       7f7ddc9f3af0            1           60
                  _init       libc.so.6       7f7ddc9f3940            1          101
         init_cacheinfo       libc.so.6       7f7ddc9f36d0            1          144
                   .plt       libc.so.6       7f7ddc9f1480            0            4
                  _fini libpthread.so.0       7f7ddcd918d4            1            3
           elision_init libpthread.so.0       7f7ddcd912c0            1           14
     __get_cpu_features libpthread.so.0       7f7ddcd912a0            1            6
    __init_cpu_features libpthread.so.0       7f7ddcd91050            1           70
 pthread_getaffinity_np libpthread.so.0       7f7ddcd8fcc0            1           20
       __libc_sigaction libpthread.so.0       7f7ddcd8fa00            2          132
_pthread_cleanup_pop_restore libpthread.so.0       7f7ddcd8e480           17          136
_pthread_cleanup_push_defer libpthread.so.0       7f7ddcd8e420           17          238
           pthread_once libpthread.so.0       7f7ddcd8d420           32          176
    pthread_setspecific libpthread.so.0       7f7ddcd8cf70            2           68
     pthread_key_delete libpthread.so.0       7f7ddcd8ceb0            1           14
   __pthread_key_create libpthread.so.0       7f7ddcd8ce50            1           19
 __pthread_mutex_unlock libpthread.so.0       7f7ddcd8b610            2            4
__pthread_mutex_unlock_usercnt libpthread.so.0       7f7ddcd8b530            2           64
   __pthread_mutex_lock libpthread.so.0       7f7ddcd8a290            2           68
pthread_attr_setdetachstate libpthread.so.0       7f7ddcd89ba0            1            5
      pthread_attr_init libpthread.so.0       7f7ddcd89ad0            1           31
           pthread_self libpthread.so.0       7f7ddcd89790            1            2
         pthread_create libpthread.so.0       7f7ddcd88310            7         1526
           start_thread libpthread.so.0       7f7ddcd88010            7          266
   do_clone.constprop.3 libpthread.so.0       7f7ddcd87280            7          224
__pthread_initialize_minimal libpthread.so.0       7f7ddcd86b30            1          161
            frame_dummy libpthread.so.0       7f7ddcd86990            1            3
  __do_global_dtors_aux libpthread.so.0       7f7ddcd86950            1           12
     register_tm_clones libpthread.so.0       7f7ddcd86910            1           13
   deregister_tm_clones libpthread.so.0       7f7ddcd868e0            1            9
                   .plt libpthread.so.0       7f7ddcd85540           13          108
                  _init libpthread.so.0       7f7ddcd85530            1            4
                  .fini   libgcc_s.so.1       7f7ddcfb0668            1            3
   __cpu_indicator_init   libgcc_s.so.1       7f7ddcfa1150            1           81
                  .text   libgcc_s.so.1       7f7ddcfa0fd0            0           93
                   .plt   libgcc_s.so.1       7f7ddcfa0d00            1            5
                  _init   libgcc_s.so.1       7f7ddcfa0cd8            1            6
                  .fini    libgomp.so.1       7f7ddd1c0350            1            3
     omp_get_thread_num    libgomp.so.1       7f7ddd1bd010           18           72
    omp_get_num_threads    libgomp.so.1       7f7ddd1bcfe0            7           49
      GOMP_parallel_end    libgomp.so.1       7f7ddd1bcf90           16           48
    GOMP_parallel_start    libgomp.so.1       7f7ddd1bcf60           16          304
   GOMP_loop_end_nowait    libgomp.so.1       7f7ddd1bbda0            8            8
 GOMP_loop_dynamic_next    libgomp.so.1       7f7ddd1bba10            8            8
GOMP_loop_dynamic_start    libgomp.so.1       7f7ddd1bb1c0            8          576
    omp_get_max_threads    libgomp.so.1       7f7ddd1ba440            2           18
    omp_set_num_threads    libgomp.so.1       7f7ddd1ba210            2           28
                  .text    libgomp.so.1       7f7ddd1b9030            0          427
                   .plt    libgomp.so.1       7f7ddd1b8d90           14          143
                  _init    libgomp.so.1       7f7ddd1b8d68            1            6
                  _fini       libm.so.6       7f7ddd436c38            1            3
           __ceil_sse41       libm.so.6       7f7ddd3de440            2            4
            frame_dummy       libm.so.6       7f7ddd3c9c30            1            3
  __do_global_dtors_aux       libm.so.6       7f7ddd3c9bf0            1           12
     register_tm_clones       libm.so.6       7f7ddd3c9bb0            1           13
   deregister_tm_clones       libm.so.6       7f7ddd3c9b80            1            9
                   .plt       libm.so.6       7f7ddd3c9680            1            6
                  _init       libm.so.6       7f7ddd3c9660            1            6
                  .fini  libstdc++.so.6       7f7ddd7afc1c            1            3
_ZNSt14error_categoryC2Ev  libstdc++.so.6       7f7ddd7a2c80            3           12
_ZNSt14error_categoryD1Ev  libstdc++.so.6       7f7ddd7a2af0            3           12
_ZNKSt8__detail20_Prime_rehash_policy11_M_next_bktEm  libstdc++.so.6       7f7ddd7a22f0            2           50
 _ZSt15future_categoryv  libstdc++.so.6       7f7ddd7a20f0            1           21
_ZSt9has_facetISt7num_getIwSt19istreambuf_iteratorIwSt11char_traitsIwEEEEbRKSt6locale  libstdc++.so.6       7f7ddd793e10            4           84
_ZSt9has_facetISt7num_putIwSt19ostreambuf_iteratorIwSt11char_traitsIwEEEEbRKSt6locale  libstdc++.so.6       7f7ddd793dc0            4           84
_ZSt9has_facetISt5ctypeIwEEbRKSt6locale  libstdc++.so.6       7f7ddd793c80            4           84
_ZSt9use_facetISt7num_getIwSt19istreambuf_iteratorIwSt11char_traitsIwEEEERKT_RKSt6locale  libstdc++.so.6       7f7ddd792b80            4           76
_ZSt9use_facetISt7num_putIwSt19ostreambuf_iteratorIwSt11char_traitsIwEEEERKT_RKSt6locale  libstdc++.so.6       7f7ddd792b30            4           76
_ZSt9use_facetISt5ctypeIwEERKT_RKSt6locale  libstdc++.so.6       7f7ddd791f20            4           76
  _ZNSt8messagesIwEC1Em  libstdc++.so.6       7f7ddd791a90            1           19
_ZNSt11__timepunctIwEC2EPSt17__timepunct_cacheIwEm  libstdc++.so.6       7f7ddd7912c0            1           22
_ZNSt13basic_ostreamIwSt11char_traitsIwEE5flushEv  libstdc++.so.6       7f7ddd787b70            3           42
          _ZNSo5flushEv  libstdc++.so.6       7f7ddd785930            3           42
_ZN9__gnu_cxx18stdio_sync_filebufIwSt11char_traitsIwEE4syncEv  libstdc++.so.6       7f7ddd785020            3            6
_ZN9__gnu_cxx18stdio_sync_filebufIcSt11char_traitsIcEE4syncEv  libstdc++.so.6       7f7ddd785010            3            6
_ZSt9has_facetISt7num_getIcSt19istreambuf_iteratorIcSt11char_traitsIcEEEEbRKSt6locale  libstdc++.so.6       7f7ddd779310            4           84
_ZSt9has_facetISt7num_putIcSt19ostreambuf_iteratorIcSt11char_traitsIcEEEEbRKSt6locale  libstdc++.so.6       7f7ddd7792c0            4           84
_ZSt9has_facetISt5ctypeIcEEbRKSt6locale  libstdc++.so.6       7f7ddd779180            4           84
_ZSt9use_facetISt7num_getIcSt19istreambuf_iteratorIcSt11char_traitsIcEEEERKT_RKSt6locale  libstdc++.so.6       7f7ddd778570            4           76
_ZSt9use_facetISt7num_putIcSt19ostreambuf_iteratorIcSt11char_traitsIcEEEERKT_RKSt6locale  libstdc++.so.6       7f7ddd778520            4           76
_ZSt9use_facetISt5ctypeIcEERKT_RKSt6locale  libstdc++.so.6       7f7ddd777700            4           76
  _ZNSt8messagesIcEC1Em  libstdc++.so.6       7f7ddd777270            1           19
_ZNSt11__timepunctIcEC2EPSt17__timepunct_cacheIcEm  libstdc++.so.6       7f7ddd776aa0            1           22
_ZNSt9basic_iosIwSt11char_traitsIwEE4initEPSt15basic_streambufIwS1_E  libstdc++.so.6       7f7ddd76ee40            4           88
_ZNSt9basic_iosIwSt11char_traitsIwEE15_M_cache_localeERKSt6locale  libstdc++.so.6       7f7ddd76ed00            4          120
_ZNSt9basic_iosIcSt11char_traitsIcEE4initEPSt15basic_streambufIcS1_E  libstdc++.so.6       7f7ddd76e6e0            4           88
_ZNSt9basic_iosIcSt11char_traitsIcEE15_M_cache_localeERKSt6locale  libstdc++.so.6       7f7ddd76e5a0            4          120
_ZNSt6locale5facet18_S_create_c_localeERP15__locale_structPKcS2_  libstdc++.so.6       7f7ddd76ddf0            1            9
_ZNSt11__timepunctIwE23_M_initialize_timepunctEP15__locale_struct  libstdc++.so.6       7f7ddd76cd50            1          105
_ZNSt11__timepunctIcE23_M_initialize_timepunctEP15__locale_struct  libstdc++.so.6       7f7ddd76c3c0            1          107
_ZNSt8numpunctIwE22_M_initialize_numpunctEP15__locale_struct  libstdc++.so.6       7f7ddd76c160            1          349
_ZNSt8numpunctIcE22_M_initialize_numpunctEP15__locale_struct  libstdc++.so.6       7f7ddd76bf30            1          413
_ZNSt10moneypunctIwLb0EE24_M_initialize_moneypunctEP15__locale_structPKc  libstdc++.so.6       7f7ddd76b840            1          101
_ZNSt10moneypunctIwLb1EE24_M_initialize_moneypunctEP15__locale_structPKc  libstdc++.so.6       7f7ddd76b270            1          101
_ZNSt10moneypunctIcLb0EE24_M_initialize_moneypunctEP15__locale_structPKc  libstdc++.so.6       7f7ddd76ad30            1          112
_ZNSt10moneypunctIcLb1EE24_M_initialize_moneypunctEP15__locale_structPKc  libstdc++.so.6       7f7ddd76a7f0            1          112
_ZNSt5ctypeIwE19_M_initialize_ctypeEv  libstdc++.so.6       7f7ddd76a110            1         2757
_ZNKSt5ctypeIwE19_M_convert_to_wmaskEt  libstdc++.so.6       7f7ddd769b60           12          129
 _ZNSt5ctypeIcEC2EPKtbm  libstdc++.so.6       7f7ddd7698a0            1          159
       _ZNSt6localeC1Ev  libstdc++.so.6       7f7ddd762d70           22          418
 _ZNSt6locale5_ImplC1Em  libstdc++.so.6       7f7ddd761ba0            1          819
_ZNSt6locale5_Impl16_M_install_facetEPKNS_2idEPKNS_5facetE  libstdc++.so.6       7f7ddd7617f0           28         7420
_ZNKSt6locale2id5_M_idEv  libstdc++.so.6       7f7ddd7617b0           84          644
       _ZNSt6localeD1Ev  libstdc++.so.6       7f7ddd761410            8           80
    _ZNSt6localeaSERKS_  libstdc++.so.6       7f7ddd761390            8          120
_ZNSt6locale5facet13_S_get_c_nameEv  libstdc++.so.6       7f7ddd7611e0            5           10
_ZNSt6locale5facet15_S_get_c_localeEv  libstdc++.so.6       7f7ddd7611a0           10          100
_ZNSt8__detail15_List_node_base7_M_hookEPS0_  libstdc++.so.6       7f7ddd760900            3           21
_ZNSt8ios_base7_M_initEv  libstdc++.so.6       7f7ddd760780            8          144
_ZNSt8ios_base4InitD1Ev  libstdc++.so.6       7f7ddd760480            4           50
_ZNSt8ios_base4InitC2Ev  libstdc++.so.6       7f7ddd75fbb0            4          333
     _ZNSt8ios_baseC2Ev  libstdc++.so.6       7f7ddd75f6b0            8          472
     _ZNSt5ctypeIwEC2Em  libstdc++.so.6       7f7ddd75f2c0            1           19
_ZNSt7codecvtIwc11__mbstate_tEC2Em  libstdc++.so.6       7f7ddd75c680            1           17
_ZNSt7codecvtIcc11__mbstate_tEC1Em  libstdc++.so.6       7f7ddd75c5e0            1           17
_ZNK10__cxxabiv121__vmi_class_type_info12__do_dyncastElNS_17__class_type_info10__sub_kindEPKS1_PKvS4_S6_RNS1_16__dyncast_resultE  libstdc++.so.6       7f7ddd751ce0            8          464
_ZNK10__cxxabiv120__si_class_type_info12__do_dyncastElNS_17__class_type_info10__sub_kindEPKS1_PKvS4_S6_RNS1_16__dyncast_resultE  libstdc++.so.6       7f7ddd751330           40         1400
                  _Znam  libstdc++.so.6       7f7ddd750fb0           16           64
                  _Znwm  libstdc++.so.6       7f7ddd750ea0           23          345
    __cxa_guard_release  libstdc++.so.6       7f7ddd750cd0            1            7
    __cxa_guard_acquire  libstdc++.so.6       7f7ddd750b80            1           30
         __dynamic_cast  libstdc++.so.6       7f7ddd74f220           48         1968
                 _ZdaPv  libstdc++.so.6       7f7ddd74f200           16           16
                 _ZdlPv  libstdc++.so.6       7f7ddd74f1d0           23           69
                  .text  libstdc++.so.6       7f7ddd74d610            1          294
                   .plt  libstdc++.so.6       7f7ddd74ace0           68         1137
                  _init  libstdc++.so.6       7f7ddd74acc0            1            6
                 memcpy ld-linux-x86-64.so.2       7f7df0e42520           37         1149
              __mempcpy ld-linux-x86-64.so.2       7f7df0e422f0           32          632
                 memset ld-linux-x86-64.so.2       7f7df0e422e0           45        10977
                 memcmp ld-linux-x86-64.so.2       7f7df0e41c50           24         2013
                 strlen ld-linux-x86-64.so.2       7f7df0e415f0           28         1467
                 strcmp ld-linux-x86-64.so.2       7f7df0e415c0        22554       160982
                 strchr ld-linux-x86-64.so.2       7f7df0e41540           23          764
       __GI___sigsetjmp ld-linux-x86-64.so.2       7f7df0e41260           17          323
             __mprotect ld-linux-x86-64.so.2       7f7df0e41190           14           70
                 munmap ld-linux-x86-64.so.2       7f7df0e41170            1            5
                 __mmap ld-linux-x86-64.so.2       7f7df0e41140           22          132
                  close ld-linux-x86-64.so.2       7f7df0e41120            7           35
                 access ld-linux-x86-64.so.2       7f7df0e41070            1            9
                   read ld-linux-x86-64.so.2       7f7df0e41030            6           30
                 __open ld-linux-x86-64.so.2       7f7df0e41010            7           35
               __fxstat ld-linux-x86-64.so.2       7f7df0e40f90            7           70
                 __sbrk ld-linux-x86-64.so.2       7f7df0e3fd50            1           17
                  __brk ld-linux-x86-64.so.2       7f7df0e3fcf0            1           12
                   free ld-linux-x86-64.so.2       7f7df0e3f7c0            2           12
                 calloc ld-linux-x86-64.so.2       7f7df0e3f780           22          176
                 malloc ld-linux-x86-64.so.2       7f7df0e3f770           45          135
        __libc_memalign ld-linux-x86-64.so.2       7f7df0e3f660           46         1475
  _dl_next_ld_env_entry ld-linux-x86-64.so.2       7f7df0e3f5a0            1          571
 _dl_discover_osversion ld-linux-x86-64.so.2       7f7df0e3f3c0            1           53
_dl_sysdep_start_cleanup ld-linux-x86-64.so.2       7f7df0e3f200            1            1
       _dl_sysdep_start ld-linux-x86-64.so.2       7f7df0e3ef40            1          557
       _dl_unload_cache ld-linux-x86-64.so.2       7f7df0e3ef00            1           10
  _dl_load_cache_lookup ld-linux-x86-64.so.2       7f7df0e3e9b0            6         1649
       _dl_cache_libcmp ld-linux-x86-64.so.2       7f7df0e3e8d0           65         4685
    _dl_runtime_resolve ld-linux-x86-64.so.2       7f7df0e3e160          125         2625
_dl_find_dso_for_object ld-linux-x86-64.so.2       7f7df0e3c710            1           69
    _dl_add_to_slotinfo ld-linux-x86-64.so.2       7f7df0e3ba20            3           60
         __tls_get_addr ld-linux-x86-64.so.2       7f7df0e3b970            1           11
       _dl_allocate_tls ld-linux-x86-64.so.2       7f7df0e3b550            7           49
  _dl_allocate_tls_init ld-linux-x86-64.so.2       7f7df0e3b330            8         1312
_dl_allocate_tls_storage ld-linux-x86-64.so.2       7f7df0e3b1f0            1          324
_dl_get_tls_static_info ld-linux-x86-64.so.2       7f7df0e3b1d0            1            5
_dl_determine_tlsoffset ld-linux-x86-64.so.2       7f7df0e3af60            1          144
     _dl_next_tls_modid ld-linux-x86-64.so.2       7f7df0e3ae80            3           24
           allocate_dtv ld-linux-x86-64.so.2       7f7df0e3ae30            8          152
 _dl_check_all_versions ld-linux-x86-64.so.2       7f7df0e3a1a0            1          145
 _dl_check_map_versions ld-linux-x86-64.so.2       7f7df0e39d20            9         6116
           match_symbol ld-linux-x86-64.so.2       7f7df0e39960           39         3917
_dl_higher_prime_number ld-linux-x86-64.so.2       7f7df0e398f0            2          144
       _dl_name_match_p ld-linux-x86-64.so.2       7f7df0e39880          694        18820
_dl_sysdep_read_whole_file ld-linux-x86-64.so.2       7f7df0e396e0            1           41
   _dl_debug_initialize ld-linux-x86-64.so.2       7f7df0e390b0            8           73
        _dl_debug_state ld-linux-x86-64.so.2       7f7df0e390a0            2            2
               _dl_fini ld-linux-x86-64.so.2       7f7df0e38c80            1          513
          _dl_sort_fini ld-linux-x86-64.so.2       7f7df0e389f0            1         1028
               _dl_init ld-linux-x86-64.so.2       7f7df0e388d0            1          135
       call_init.part.0 ld-linux-x86-64.so.2       7f7df0e387c0            8          459
      _dl_receive_error ld-linux-x86-64.so.2       7f7df0e38760            1           28
        _dl_catch_error ld-linux-x86-64.so.2       7f7df0e38680           17          612
              _dl_fixup ld-linux-x86-64.so.2       7f7df0e37b70          125        10603
   _dl_important_hwcaps ld-linux-x86-64.so.2       7f7df0e37430            1          324
    _dl_map_object_deps ld-linux-x86-64.so.2       7f7df0e362a0            1         3687
                openaux ld-linux-x86-64.so.2       7f7df0e36260           17          289
    _dl_relocate_object ld-linux-x86-64.so.2       7f7df0e34d10            8       219708
      _dl_protect_relro ld-linux-x86-64.so.2       7f7df0e34bd0            8          152
         _dl_new_object ld-linux-x86-64.so.2       7f7df0e346f0            8         1385
_dl_add_to_namespace_list ld-linux-x86-64.so.2       7f7df0e34660            8          362
         _dl_setup_hash ld-linux-x86-64.so.2       7f7df0e345b0            9          214
    _dl_lookup_symbol_x ld-linux-x86-64.so.2       7f7df0e33540         1383       538738
            do_lookup_x ld-linux-x86-64.so.2       7f7df0e32bd0         1383       329890
       check_match.9447 ld-linux-x86-64.so.2       7f7df0e32a50         1371        69142
         _dl_map_object ld-linux-x86-64.so.2       7f7df0e31e70           17         3892
         _dl_init_paths ld-linux-x86-64.so.2       7f7df0e319f0            1          118
 _dl_map_object_from_fd ld-linux-x86-64.so.2       7f7df0e30050            6         5578
            open_verify ld-linux-x86-64.so.2       7f7df0e2f530            6         1178
           local_strdup ld-linux-x86-64.so.2       7f7df0e2f020            6          102
              _dl_start ld-linux-x86-64.so.2       7f7df0e2e740            1          812
     version_check_doit ld-linux-x86-64.so.2       7f7df0e2e700            1           10
                dl_main ld-linux-x86-64.so.2       7f7df0e2b680            1         1453
rtld_lock_default_unlock_recursive ld-linux-x86-64.so.2       7f7df0e2b200           59          118
rtld_lock_default_lock_recursive ld-linux-x86-64.so.2       7f7df0e2b1f0           59          118
_dl_initial_error_catch_tsd ld-linux-x86-64.so.2       7f7df0e2b1e0           19           38
               init_tls ld-linux-x86-64.so.2       7f7df0e2ae3e            1          108
                   .plt ld-linux-x86-64.so.2       7f7df0e2aa70            0          120
                  _fini            sssp             40c034            1            3
        __libc_csu_init            sssp             40bfc0            1           69
_ZNSt6vectorISt4listIP20gm_complex_data_typeSaIS2_EESaIS4_EE17_M_default_appendEm            sssp             40b4b0            1          129
_ZNSt6vectorISt4listIPvSaIS1_EESaIS3_EE17_M_default_appendEm            sssp             40b2e0            1          129
_ZN13gm_mem_helper6resizeEi            sssp             40b1b0            1           46
     _Z13gm_rt_cleanupv            sssp             40b1a0            1            2
_Z19gm_rt_allocate_boolmi            sssp             40af80            2           50
_Z18gm_rt_allocate_intmi            sssp             40ae80            1           29
_ZN13gm_mem_helper7cleanupEv            sssp             40ad20            1          200
 _ZN13gm_mem_helperD2Ev            sssp             409050            1          142
   _Z15gm_rt_thread_idv            sssp             408f90            3            3
_Z21gm_rt_set_num_threadsi            sssp             408f20            1           16
  _Z16gm_rt_initializev            sssp             408e50            1           12
_ZN10gm_runtime10initializeEv            sssp             408c40            1           36
_ZN10gm_runtime19expand_random_seedsEii            sssp             408980            1          139
_ZN10gm_runtime15set_num_threadsEi._omp_fn.0            sssp             408930            8           72
    _ZN10gm_runtimeD2Ev            sssp             4088e0            1            5
_ZN8gm_graph11load_binaryEPc            sssp             406ef0            1          225
_ZN8gm_graph20load_binary_internalEP8_IO_FILEjb._omp_fn.0            sssp             406a30            1           57
_ZN8gm_graph20load_binary_internalEP8_IO_FILEjb._omp_fn.1            sssp             406980            1           43
_ZN8gm_graph18make_reverse_edgesEv            sssp             405960            2          167
  _ZN8gm_graph6freezeEv            sssp             405940            1            3
_ZN8gm_graph12do_semi_sortEv            sssp             405610            1           48
_ZL14semi_sort_mainiiPiS_S_S_._omp_fn.6            sssp             404e20            2          212
_ZN8gm_graph11clear_graphEv            sssp             4043f0            2           50
_ZN8gm_graph32allocate_memory_for_frozen_graphEii            sssp             4040a0            1           31
       _ZN8gm_graphD1Ev            sssp             403fb0            1           37
_ZN8gm_graph19delete_frozen_graphEv            sssp             403ec0            3          138
       _ZN8gm_graphC2Ev            sssp             403b40            1           74
_ZN8gm_graph18make_reverse_edgesEv._omp_fn.0            sssp             403ae0            1           29
_ZN8gm_graph18make_reverse_edgesEv._omp_fn.1            sssp             4039a0            1           40
_ZN8gm_graph18make_reverse_edgesEv._omp_fn.2            sssp             4038c0            1           42
_ZN8gm_graph18make_reverse_edgesEv._omp_fn.3            sssp             403810            1           38
_ZN8gm_graph12do_semi_sortEv._omp_fn.7            sssp             403780            1           35
_Z22gm_spinlock_table_initv            sssp             4034e0            1       408963
  _ZN7my_main7prepareEv            sssp             403330            1           42
      _ZN7my_main3runEv            sssp             403300            1            9
        _ZN7my_mainD1Ev            sssp             4032c0            1           15
_ZN7my_main12post_processEv            sssp             403280            1          101
_ZN6main_t10check_argsEiPPc            sssp             403230            1            2
   _ZN6main_t7cleanupEv            sssp             403220            1            2
_ZN7my_main7prepareEv._omp_fn.0            sssp             403160            1           37
_Z4ssspR8gm_graphPiS1_Ri            sssp             402f50            1          153
_Z4ssspR8gm_graphPiS1_Ri._omp_fn.1            sssp             402db0            2          132
_Z4ssspR8gm_graphPiS1_Ri._omp_fn.0            sssp             402d00            1           54
_Z4ssspR8gm_graphPiS1_Ri._omp_fn.2            sssp             402c50            2          117
            frame_dummy            sssp             402c20            1            3
  __do_global_dtors_aux            sssp             402c00            1            8
     register_tm_clones            sssp             402bc0            1           12
   deregister_tm_clones            sssp             402b90            1            8
                 _start            sssp             402b58            1           11
_GLOBAL__sub_I__ZN9GM_ReaderC2EPKcb            sssp             402b30            1            8
_GLOBAL__sub_I__ZN12GM_Tokenizer5resetEv            sssp             402b00            1            8
 _GLOBAL__sub_I__GM_MEM            sssp             402a40            1           25
_GLOBAL__sub_I__ZN8gm_graph11load_binaryEPc            sssp             402a10            1            8
_GLOBAL__sub_I__ZN8gm_graphC2Ev            sssp             4029e0            1            8
                   main            sssp             402970            1           21
   _ZN6main_t4mainEiPPc            sssp             402710            1          116
                   .plt            sssp             4021d0           27          307
                  _init            sssp             4021b0            1            6
